# medium

Initial entropy: -0.000000
Initial average photon numbers: 1.381098
ENTROPY COHERENT: 2.9125
ENTROPY THERMAL: 4.0203

2017-05-18 21:31:28.692219
ratio:  1.60, ra: 0.1067, A: 1.600e-03, C: 1.000e-03, B: 4.800e-05

2017-05-18 22:13:37.166645
ratio:  2.00, ra: 0.0800, A: 2.000e-03, C: 1.000e-03, B: 1.000e-04

2017-05-18 22:54:35.656826
ratio:  4.00, ra: 0.0533, A: 4.000e-03, C: 1.000e-03, B: 6.000e-04

2017-05-18 23:38:18.159382

real	126m52.564s
user	134m27.980s
sys	2m8.832s


# large

Initial entropy: -0.000000
Initial average photon numbers: 1.381098
ENTROPY COHERENT: 2.9125
ENTROPY THERMAL: 4.0203

2017-05-18 21:32:09.114664
ratio:  8.00, ra: 0.0457, A: 8.000e-03, C: 1.000e-03, B: 2.800e-03

2017-05-18 22:10:37.947748
ratio: 16.00, ra: 0.0427, A: 1.600e-02, C: 1.000e-03, B: 1.200e-02

2017-05-18 22:38:55.600744
ratio: 64.00, ra: 0.0406, A: 6.400e-02, C: 1.000e-03, B: 2.016e-01

2017-05-18 23:05:32.206653
ratio: 256.00, ra: 0.0402, A: 2.560e-01, C: 1.000e-03, B: 3.264e+00

2017-05-18 23:35:39.827177

real	123m33.583s
user	131m59.256s
sys	2m27.256s

